<?xml version="1.0" encoding="UTF-8"?>
<!-- Generated by org.testng.reporters.JUnitXMLReporter -->
<testsuite ignored="0" hostname="DESKTOP-6OMH5PA" failures="0" tests="1" name="phantomJS" time="12.026" errors="0" timestamp="2022-06-10T12:33:22 IST">
  <testcase classname="crossBrowsers.googleLaunch" name="@BeforeTest SelectBrowser" time="11.986">
    <failure type="org.openqa.selenium.SessionNotCreatedException" message="session not created: This version of ChromeDriver only supports Chrome version 103
Current browser version is 102.0.5005.115 with binary path C:\Program Files\Google\Chrome\Application\chrome.exe
Build info: version: &amp;apos;3.11.0&amp;apos;, revision: &amp;apos;e59cfb3&amp;apos;, time: &amp;apos;2018-03-11T20:26:55.152Z&amp;apos;
System info: host: &amp;apos;DESKTOP-6OMH5PA&amp;apos;, ip: &amp;apos;192.168.1.21&amp;apos;, os.name: &amp;apos;Windows 10&amp;apos;, os.arch: &amp;apos;amd64&amp;apos;, os.version: &amp;apos;10.0&amp;apos;, java.version: &amp;apos;16.0.2&amp;apos;
Driver info: driver.version: ChromeDriver
remote stacktrace: Backtrace:
	Ordinal0 [0x007C56B3+2184883]
	Ordinal0 [0x0075E5F1+1762801]
	Ordinal0 [0x00673DA8+802216]
	Ordinal0 [0x00695119+938265]
	Ordinal0 [0x00690D1C+920860]
	Ordinal0 [0x0068E5D1+910801]
	Ordinal0 [0x006C1770+1120112]
	Ordinal0 [0x006C13CA+1119178]
	Ordinal0 [0x006BC926+1100070]
	Ordinal0 [0x00696EA0+945824]
	Ordinal0 [0x00697D96+949654]
	GetHandleVerifier [0x00A64192+2704034]
	GetHandleVerifier [0x00A5687D+2648461]
	GetHandleVerifier [0x0085119A+529066]
	GetHandleVerifier [0x00850006+524566]
	Ordinal0 [0x00764F2B+1789739]
	Ordinal0 [0x00769978+1808760]
	Ordinal0 [0x00769A65+1808997]
	Ordinal0 [0x00772A01+1845761]
	BaseThreadInitThunk [0x77566739+25]
	RtlGetFullPathName_UEx [0x77D18FEF+1215]
	RtlGetFullPathName_UEx [0x77D18FBD+1165]
">
      <![CDATA[org.openqa.selenium.SessionNotCreatedException: session not created: This version of ChromeDriver only supports Chrome version 103
Current browser version is 102.0.5005.115 with binary path C:\Program Files\Google\Chrome\Application\chrome.exe
Build info: version: '3.11.0', revision: 'e59cfb3', time: '2018-03-11T20:26:55.152Z'
System info: host: 'DESKTOP-6OMH5PA', ip: '192.168.1.21', os.name: 'Windows 10', os.arch: 'amd64', os.version: '10.0', java.version: '16.0.2'
Driver info: driver.version: ChromeDriver
remote stacktrace: Backtrace:
Ordinal0 [0x007C56B3+2184883]
Ordinal0 [0x0075E5F1+1762801]
Ordinal0 [0x00673DA8+802216]
Ordinal0 [0x00695119+938265]
Ordinal0 [0x00690D1C+920860]
Ordinal0 [0x0068E5D1+910801]
Ordinal0 [0x006C1770+1120112]
Ordinal0 [0x006C13CA+1119178]
Ordinal0 [0x006BC926+1100070]
Ordinal0 [0x00696EA0+945824]
Ordinal0 [0x00697D96+949654]
GetHandleVerifier [0x00A64192+2704034]
GetHandleVerifier [0x00A5687D+2648461]
GetHandleVerifier [0x0085119A+529066]
GetHandleVerifier [0x00850006+524566]
Ordinal0 [0x00764F2B+1789739]
Ordinal0 [0x00769978+1808760]
Ordinal0 [0x00769A65+1808997]
Ordinal0 [0x00772A01+1845761]
BaseThreadInitThunk [0x77566739+25]
RtlGetFullPathName_UEx [0x77D18FEF+1215]
RtlGetFullPathName_UEx [0x77D18FBD+1165]

at org.openqa.selenium.remote.W3CHandshakeResponse.lambda$new$0(W3CHandshakeResponse.java:57)
at org.openqa.selenium.remote.W3CHandshakeResponse.lambda$getResponseFunction$2(W3CHandshakeResponse.java:104)
at org.openqa.selenium.remote.ProtocolHandshake.lambda$createSession$0(ProtocolHandshake.java:123)
at java.base/java.util.stream.ReferencePipeline$3$1.accept(ReferencePipeline.java:197)
at java.base/java.util.Spliterators$ArraySpliterator.tryAdvance(Spliterators.java:958)
at java.base/java.util.stream.ReferencePipeline.forEachWithCancel(ReferencePipeline.java:129)
at java.base/java.util.stream.AbstractPipeline.copyIntoWithCancel(AbstractPipeline.java:502)
at java.base/java.util.stream.AbstractPipeline.copyInto(AbstractPipeline.java:488)
at java.base/java.util.stream.AbstractPipeline.wrapAndCopyInto(AbstractPipeline.java:474)
at java.base/java.util.stream.FindOps$FindOp.evaluateSequential(FindOps.java:150)
at java.base/java.util.stream.AbstractPipeline.evaluate(AbstractPipeline.java:234)
at java.base/java.util.stream.ReferencePipeline.findFirst(ReferencePipeline.java:647)
at org.openqa.selenium.remote.ProtocolHandshake.createSession(ProtocolHandshake.java:126)
at org.openqa.selenium.remote.ProtocolHandshake.createSession(ProtocolHandshake.java:73)
at org.openqa.selenium.remote.HttpCommandExecutor.execute(HttpCommandExecutor.java:136)
at org.openqa.selenium.remote.service.DriverCommandExecutor.execute(DriverCommandExecutor.java:83)
at org.openqa.selenium.remote.RemoteWebDriver.execute(RemoteWebDriver.java:545)
at org.openqa.selenium.remote.RemoteWebDriver.startSession(RemoteWebDriver.java:209)
at org.openqa.selenium.remote.RemoteWebDriver.<init>(RemoteWebDriver.java:132)
at org.openqa.selenium.chrome.ChromeDriver.<init>(ChromeDriver.java:181)
at org.openqa.selenium.chrome.ChromeDriver.<init>(ChromeDriver.java:168)
at org.openqa.selenium.chrome.ChromeDriver.<init>(ChromeDriver.java:157)
at crossBrowsers.googleLaunch.SelectBrowser(googleLaunch.java:33)
... Removed 29 stack frames]]>
    </failure>
  </testcase> <!-- @BeforeTest SelectBrowser -->
  <testcase classname="crossBrowsers.googleLaunch" name="@AfterTest BroswerQuit" time="-1.654844602049E9">
    <skipped/>
  </testcase> <!-- @AfterTest BroswerQuit -->
  <testcase classname="crossBrowsers.googleLaunch" name="GoogleSreach" time="0.0">
    <skipped/>
  </testcase> <!-- GoogleSreach -->
</testsuite> <!-- phantomJS -->
