<?xml version="1.0" encoding="UTF-8"?>
<!-- Generated by org.testng.reporters.JUnitXMLReporter -->
<testsuite ignored="4" hostname="LAPTOP-BPFVO88G" failures="2" tests="5" name="Default test(failed)(failed)" time="0.133" errors="0" timestamp="2022-04-24T23:47:29 IST">
  <testcase classname="PRACTICE.PARAMETERS" name="@BeforeClass browserlaunch" time="-1.650824249801E9">
    <failure type="org.testng.TestNGException" message="
Parameter &amp;apos;browser&amp;apos; is required by BeforeClass on method browserlaunch but has not been marked @Optional or defined
in E:\GAURAV\eclips2\TESTNG\test-output\testng-failed.xml">
      <![CDATA[org.testng.TestNGException: 
Parameter 'browser' is required by BeforeClass on method browserlaunch but has not been marked @Optional or defined
in E:\GAURAV\eclips2\TESTNG\test-output\testng-failed.xml
at java.base/java.util.ArrayList.forEach(ArrayList.java:1511)
... Removed 22 stack frames]]>
    </failure>
  </testcase> <!-- @BeforeClass browserlaunch -->
  <testcase classname="PRACTICE.PARAMETERS" name="@AfterClass tear_down" time="-1.650824249822E9">
    <skipped/>
  </testcase> <!-- @AfterClass tear_down -->
  <testcase classname="PRACTICE.ALWAYS_RUN" name="test3" time="0.021">
    <failure type="java.lang.AssertionError" message="expected [as123] but found [123]">
      <![CDATA[java.lang.AssertionError: expected [as123] but found [123]
at PRACTICE.ALWAYS_RUN.test3(ALWAYS_RUN.java:28)
at java.base/java.util.ArrayList.forEach(ArrayList.java:1511)
... Removed 33 stack frames]]>
    </failure>
  </testcase> <!-- test3 -->
  <testcase classname="PRACTICE.PARAMETERS" name="logo" time="0.0">
    <skipped/>
  </testcase> <!-- logo -->
  <testcase classname="PRACTICE.PARAMETERS" name="login_successful" time="0.0">
    <skipped/>
  </testcase> <!-- login_successful -->
  <testcase classname="PRACTICE.ASSERTS" name="test1" time="0.007"/>
  <testcase classname="PRACTICE.DEPENDS_ON" name="test3" time="0.001">
    <failure type="java.lang.AssertionError" message="expected [false] but found [true]">
      <![CDATA[java.lang.AssertionError: expected [false] but found [true]
at PRACTICE.DEPENDS_ON.test3(DEPENDS_ON.java:22)
at java.base/java.util.ArrayList.forEach(ArrayList.java:1511)
... Removed 33 stack frames]]>
    </failure>
  </testcase> <!-- test3 -->
  <testcase classname="PRACTICE.ALWAYS_RUN" name="test2" time="0.0">
    <ignored/>
  </testcase> <!-- test2 -->
  <testcase classname="PRACTICE.ASSERTS" name="test2" time="0.0">
    <ignored/>
  </testcase> <!-- test2 -->
  <testcase classname="PRACTICE.ALWAYS_RUN" name="test1" time="0.0">
    <ignored/>
  </testcase> <!-- test1 -->
  <testcase classname="PRACTICE.ASSERTS" name="test3" time="0.0">
    <ignored/>
  </testcase> <!-- test3 -->
</testsuite> <!-- Default test(failed)(failed) -->
