<?xml version="1.0" encoding="UTF-8"?>
<!-- Generated by org.testng.reporters.JUnitXMLReporter -->
<testsuite ignored="2" hostname="LAPTOP-BPFVO88G" failures="1" tests="2" name="Test" time="8.304" errors="0" timestamp="2022-03-17T14:20:12 IST">
  <testcase classname="com.infosis.orangehrm.test.dash_board_test" name="@AfterClass end_test" time="0.0">
    <failure type="java.lang.NullPointerException" message="Cannot invoke &amp;quot;com.relevantcodes.extentreports.ExtentReports.endTest(com.relevantcodes.extentreports.ExtentTest)&amp;quot; because &amp;quot;com.infosis.orangehrm.test.dash_board_test.report&amp;quot; is null">
      <![CDATA[java.lang.NullPointerException: Cannot invoke "com.relevantcodes.extentreports.ExtentReports.endTest(com.relevantcodes.extentreports.ExtentTest)" because "com.infosis.orangehrm.test.dash_board_test.report" is null
at com.infosis.orangehrm.test.dash_board_test.end_test(dash_board_test.java:44)
at java.base/java.util.ArrayList.forEach(ArrayList.java:1511)
... Removed 25 stack frames]]>
    </failure>
  </testcase> <!-- @AfterClass end_test -->
  <testcase classname="com.infosis.orangehrm.test.login_page_test" name="TC_01_LOGIN_VALIDCREDENTIALS" time="7.344"/>
  <testcase classname="com.infosis.orangehrm.test.dash_board_test" name="TC_01_DASGBOARD_SELECTED_BYDEFAULT" time="0.003">
    <failure type="java.lang.NullPointerException" message="Cannot invoke &amp;quot;com.relevantcodes.extentreports.ExtentReports.startTest(String)&amp;quot; because &amp;quot;com.infosis.orangehrm.test.dash_board_test.report&amp;quot; is null">
      <![CDATA[java.lang.NullPointerException: Cannot invoke "com.relevantcodes.extentreports.ExtentReports.startTest(String)" because "com.infosis.orangehrm.test.dash_board_test.report" is null
at com.infosis.orangehrm.test.dash_board_test.TC_01_DASGBOARD_SELECTED_BYDEFAULT(dash_board_test.java:31)
at java.base/java.util.ArrayList.forEach(ArrayList.java:1511)
... Removed 27 stack frames]]>
    </failure>
  </testcase> <!-- TC_01_DASGBOARD_SELECTED_BYDEFAULT -->
  <testcase classname="com.infosis.common_functionality.BrowserLaunch" name="@AfterSuite teardown" time="0.0">
    <ignored/>
  </testcase> <!-- @AfterSuite teardown -->
  <testcase classname="com.infosis.common_functionality.BrowserLaunch" name="@BeforeSuite launch" time="0.0">
    <ignored/>
  </testcase> <!-- @BeforeSuite launch -->
</testsuite> <!-- Test -->
