<?xml version="1.0" encoding="UTF-8"?>
<testng-results total="9" passed="7" failed="2" skipped="0">
  <reporter-output>
  </reporter-output>
  <suite started-at="2022-07-08T05:53:57Z" name="Suite" finished-at="2022-07-08T05:54:16Z" duration-ms="18800">
    <groups>
    </groups>
    <test started-at="2022-07-08T05:53:57Z" name="Test" finished-at="2022-07-08T05:54:16Z" duration-ms="18800">
      <class name="DOM.INFOSYS.ORANGE_HRM.LOGIN">
        <test-method is-config="true" signature="launch()[pri:0, instance:DOM.INFOSYS.ORANGE_HRM.LOGIN@488d1cd7]" started-at="2022-07-08T11:23:50Z" name="launch" finished-at="2022-07-08T11:23:57Z" duration-ms="7061" status="PASS">
          <reporter-output>
          </reporter-output>
        </test-method> <!-- launch -->
        <test-method is-config="true" signature="report_generates()[pri:0, instance:DOM.INFOSYS.ORANGE_HRM.LOGIN@488d1cd7]" started-at="2022-07-08T11:23:57Z" name="report_generates" finished-at="2022-07-08T11:23:58Z" duration-ms="284" status="PASS">
          <reporter-output>
          </reporter-output>
        </test-method> <!-- report_generates -->
        <test-method is-config="true" signature="ExcelConnect()[pri:0, instance:DOM.INFOSYS.ORANGE_HRM.LOGIN@488d1cd7]" started-at="2022-07-08T11:23:58Z" name="ExcelConnect" finished-at="2022-07-08T11:23:58Z" depends-on-methods="DOM.INFOSYS.COMMONFUNCTIONALITY.REPORTER.report_generates" duration-ms="553" status="PASS">
          <reporter-output>
          </reporter-output>
        </test-method> <!-- ExcelConnect -->
        <test-method signature="TC_02_sample_text()[pri:0, instance:DOM.INFOSYS.ORANGE_HRM.LOGIN@488d1cd7]" started-at="2022-07-08T11:23:58Z" name="TC_02_sample_text" finished-at="2022-07-08T11:23:58Z" duration-ms="103" status="PASS">
          <reporter-output>
          </reporter-output>
        </test-method> <!-- TC_02_sample_text -->
        <test-method signature="TC_04_login_panel_logo()[pri:0, instance:DOM.INFOSYS.ORANGE_HRM.LOGIN@488d1cd7]" started-at="2022-07-08T11:23:58Z" name="TC_04_login_panel_logo" finished-at="2022-07-08T11:23:58Z" duration-ms="27" status="PASS">
          <reporter-output>
          </reporter-output>
        </test-method> <!-- TC_04_login_panel_logo -->
        <test-method signature="TC_05_header_logo()[pri:0, instance:DOM.INFOSYS.ORANGE_HRM.LOGIN@488d1cd7]" started-at="2022-07-08T11:23:58Z" name="TC_05_header_logo" finished-at="2022-07-08T11:23:58Z" duration-ms="29" status="PASS">
          <reporter-output>
          </reporter-output>
        </test-method> <!-- TC_05_header_logo -->
        <test-method signature="TC_06_Login_panel_text()[pri:0, instance:DOM.INFOSYS.ORANGE_HRM.LOGIN@488d1cd7]" started-at="2022-07-08T11:23:58Z" name="TC_06_Login_panel_text" finished-at="2022-07-08T11:23:58Z" duration-ms="18" status="PASS">
          <reporter-output>
          </reporter-output>
        </test-method> <!-- TC_06_Login_panel_text -->
        <test-method signature="TC_07_forgot_password()[pri:0, instance:DOM.INFOSYS.ORANGE_HRM.LOGIN@488d1cd7]" started-at="2022-07-08T11:23:58Z" name="TC_07_forgot_password" finished-at="2022-07-08T11:24:02Z" duration-ms="4025" status="PASS">
          <reporter-output>
          </reporter-output>
        </test-method> <!-- TC_07_forgot_password -->
        <test-method signature="TC_03_login_unsuccessful()[pri:0, instance:DOM.INFOSYS.ORANGE_HRM.LOGIN@488d1cd7]" started-at="2022-07-08T11:24:02Z" name="TC_03_login_unsuccessful" finished-at="2022-07-08T11:24:02Z" duration-ms="0" status="FAIL">
          <exception class="java.lang.NullPointerException">
            <message>
              <![CDATA[Cannot invoke "org.apache.poi.ss.usermodel.Cell.getStringCellValue()" because the return value of "org.apache.poi.ss.usermodel.Row.getCell(int)" is null]]>
            </message>
            <full-stacktrace>
              <![CDATA[java.lang.NullPointerException: Cannot invoke "org.apache.poi.ss.usermodel.Cell.getStringCellValue()" because the return value of "org.apache.poi.ss.usermodel.Row.getCell(int)" is null
	at DOM.INFOSYS.COMMONFUNCTIONALITY.EXCEL_REPORT.getStringCellData(EXCEL_REPORT.java:46)
	at DOM.INFOSYS.ORANGE_HRM.LOGIN.TC_03_login_unsuccessful(LOGIN.java:55)
	at java.base/jdk.internal.reflect.NativeMethodAccessorImpl.invoke0(Native Method)
	at java.base/jdk.internal.reflect.NativeMethodAccessorImpl.invoke(NativeMethodAccessorImpl.java:78)
	at java.base/jdk.internal.reflect.DelegatingMethodAccessorImpl.invoke(DelegatingMethodAccessorImpl.java:43)
	at java.base/java.lang.reflect.Method.invoke(Method.java:567)
	at org.testng.internal.MethodInvocationHelper.invokeMethod(MethodInvocationHelper.java:80)
	at org.testng.internal.Invoker.invokeMethod(Invoker.java:715)
	at org.testng.internal.Invoker.invokeTestMethod(Invoker.java:907)
	at org.testng.internal.Invoker.invokeTestMethods(Invoker.java:1237)
	at org.testng.internal.TestMethodWorker.invokeTestMethods(TestMethodWorker.java:127)
	at org.testng.internal.TestMethodWorker.run(TestMethodWorker.java:111)
	at org.testng.TestRunner.privateRun(TestRunner.java:767)
	at org.testng.TestRunner.run(TestRunner.java:617)
	at org.testng.SuiteRunner.runTest(SuiteRunner.java:334)
	at org.testng.SuiteRunner.runSequentially(SuiteRunner.java:329)
	at org.testng.SuiteRunner.privateRun(SuiteRunner.java:291)
	at org.testng.SuiteRunner.run(SuiteRunner.java:240)
	at org.testng.SuiteRunnerWorker.runSuite(SuiteRunnerWorker.java:51)
	at org.testng.SuiteRunnerWorker.run(SuiteRunnerWorker.java:85)
	at org.testng.TestNG.runSuitesSequentially(TestNG.java:1197)
	at org.testng.TestNG.runSuitesLocally(TestNG.java:1122)
	at org.testng.TestNG.run(TestNG.java:1030)
	at org.apache.maven.surefire.testng.TestNGExecutor.run(TestNGExecutor.java:284)
	at org.apache.maven.surefire.testng.TestNGXmlTestSuite.execute(TestNGXmlTestSuite.java:75)
	at org.apache.maven.surefire.testng.TestNGProvider.invoke(TestNGProvider.java:119)
	at org.apache.maven.surefire.booter.ForkedBooter.runSuitesInProcess(ForkedBooter.java:428)
	at org.apache.maven.surefire.booter.ForkedBooter.execute(ForkedBooter.java:162)
	at org.apache.maven.surefire.booter.ForkedBooter.run(ForkedBooter.java:562)
	at org.apache.maven.surefire.booter.ForkedBooter.main(ForkedBooter.java:548)
]]>
            </full-stacktrace>
          </exception> <!-- java.lang.NullPointerException -->
          <reporter-output>
          </reporter-output>
        </test-method> <!-- TC_03_login_unsuccessful -->
        <test-method signature="TC_01_LOGIN_VALIDCREDENTIALS()[pri:0, instance:DOM.INFOSYS.ORANGE_HRM.LOGIN@488d1cd7]" started-at="2022-07-08T11:24:02Z" name="TC_01_LOGIN_VALIDCREDENTIALS" description="TEST CASE FOR VALID LOGIN CREDENTIALS" finished-at="2022-07-08T11:24:02Z" duration-ms="38" status="FAIL">
          <exception class="java.lang.NullPointerException">
            <message>
              <![CDATA[Cannot invoke "org.apache.poi.ss.usermodel.Cell.getStringCellValue()" because the return value of "org.apache.poi.ss.usermodel.Row.getCell(int)" is null]]>
            </message>
            <full-stacktrace>
              <![CDATA[java.lang.NullPointerException: Cannot invoke "org.apache.poi.ss.usermodel.Cell.getStringCellValue()" because the return value of "org.apache.poi.ss.usermodel.Row.getCell(int)" is null
	at DOM.INFOSYS.COMMONFUNCTIONALITY.EXCEL_REPORT.getStringCellData(EXCEL_REPORT.java:46)
	at DOM.INFOSYS.ORANGE_HRM.LOGIN.TC_01_LOGIN_VALIDCREDENTIALS(LOGIN.java:21)
	at java.base/jdk.internal.reflect.NativeMethodAccessorImpl.invoke0(Native Method)
	at java.base/jdk.internal.reflect.NativeMethodAccessorImpl.invoke(NativeMethodAccessorImpl.java:78)
	at java.base/jdk.internal.reflect.DelegatingMethodAccessorImpl.invoke(DelegatingMethodAccessorImpl.java:43)
	at java.base/java.lang.reflect.Method.invoke(Method.java:567)
	at org.testng.internal.MethodInvocationHelper.invokeMethod(MethodInvocationHelper.java:80)
	at org.testng.internal.Invoker.invokeMethod(Invoker.java:715)
	at org.testng.internal.Invoker.invokeTestMethod(Invoker.java:907)
	at org.testng.internal.Invoker.invokeTestMethods(Invoker.java:1237)
	at org.testng.internal.TestMethodWorker.invokeTestMethods(TestMethodWorker.java:127)
	at org.testng.internal.TestMethodWorker.run(TestMethodWorker.java:111)
	at org.testng.TestRunner.privateRun(TestRunner.java:767)
	at org.testng.TestRunner.run(TestRunner.java:617)
	at org.testng.SuiteRunner.runTest(SuiteRunner.java:334)
	at org.testng.SuiteRunner.runSequentially(SuiteRunner.java:329)
	at org.testng.SuiteRunner.privateRun(SuiteRunner.java:291)
	at org.testng.SuiteRunner.run(SuiteRunner.java:240)
	at org.testng.SuiteRunnerWorker.runSuite(SuiteRunnerWorker.java:51)
	at org.testng.SuiteRunnerWorker.run(SuiteRunnerWorker.java:85)
	at org.testng.TestNG.runSuitesSequentially(TestNG.java:1197)
	at org.testng.TestNG.runSuitesLocally(TestNG.java:1122)
	at org.testng.TestNG.run(TestNG.java:1030)
	at org.apache.maven.surefire.testng.TestNGExecutor.run(TestNGExecutor.java:284)
	at org.apache.maven.surefire.testng.TestNGXmlTestSuite.execute(TestNGXmlTestSuite.java:75)
	at org.apache.maven.surefire.testng.TestNGProvider.invoke(TestNGProvider.java:119)
	at org.apache.maven.surefire.booter.ForkedBooter.runSuitesInProcess(ForkedBooter.java:428)
	at org.apache.maven.surefire.booter.ForkedBooter.execute(ForkedBooter.java:162)
	at org.apache.maven.surefire.booter.ForkedBooter.run(ForkedBooter.java:562)
	at org.apache.maven.surefire.booter.ForkedBooter.main(ForkedBooter.java:548)
]]>
            </full-stacktrace>
          </exception> <!-- java.lang.NullPointerException -->
          <reporter-output>
          </reporter-output>
        </test-method> <!-- TC_01_LOGIN_VALIDCREDENTIALS -->
        <test-method signature="TC_08_footer_copyright_link()[pri:0, instance:DOM.INFOSYS.ORANGE_HRM.LOGIN@488d1cd7]" started-at="2022-07-08T11:24:02Z" name="TC_08_footer_copyright_link" finished-at="2022-07-08T11:24:06Z" duration-ms="3122" status="PASS">
          <reporter-output>
          </reporter-output>
        </test-method> <!-- TC_08_footer_copyright_link -->
        <test-method signature="TC_09_social_media_link()[pri:0, instance:DOM.INFOSYS.ORANGE_HRM.LOGIN@488d1cd7]" started-at="2022-07-08T11:24:06Z" name="TC_09_social_media_link" finished-at="2022-07-08T11:24:15Z" duration-ms="9666" status="PASS">
          <reporter-output>
          </reporter-output>
        </test-method> <!-- TC_09_social_media_link -->
        <test-method is-config="true" signature="tear_down()[pri:0, instance:DOM.INFOSYS.ORANGE_HRM.LOGIN@488d1cd7]" started-at="2022-07-08T11:24:15Z" name="tear_down" finished-at="2022-07-08T11:24:16Z" duration-ms="911" status="PASS">
          <reporter-output>
          </reporter-output>
        </test-method> <!-- tear_down -->
      </class> <!-- DOM.INFOSYS.ORANGE_HRM.LOGIN -->
    </test> <!-- Test -->
  </suite> <!-- Suite -->
</testng-results>
