<?xml version="1.0" encoding="UTF-8"?>
<testng-results ignored="0" total="1" passed="0" failed="0" skipped="1">
  <reporter-output>
  </reporter-output>
  <suite started-at="2022-06-10T12:33:10 IST" name="Cross Broswer" finished-at="2022-06-10T12:33:22 IST" duration-ms="12026">
    <groups>
    </groups>
    <test started-at="2022-06-10T12:33:10 IST" name="phantomJS" finished-at="2022-06-10T12:33:22 IST" duration-ms="12026">
      <class name="crossBrowsers.googleLaunch">
        <test-method is-config="true" signature="SelectBrowser(java.lang.String)[pri:0, instance:crossBrowsers.googleLaunch@73700b80]" started-at="2022-06-10T12:33:10 IST" name="SelectBrowser" finished-at="2022-06-10T12:33:22 IST" duration-ms="11986" status="FAIL">
          <params>
            <param index="0">
              <value>
                <![CDATA[ChromeHeadLess]]>
              </value>
            </param>
          </params>
          <exception class="org.openqa.selenium.SessionNotCreatedException">
            <message>
              <![CDATA[session not created: This version of ChromeDriver only supports Chrome version 103
Current browser version is 102.0.5005.115 with binary path C:\Program Files\Google\Chrome\Application\chrome.exe
Build info: version: '3.11.0', revision: 'e59cfb3', time: '2018-03-11T20:26:55.152Z'
System info: host: 'DESKTOP-6OMH5PA', ip: '192.168.1.21', os.name: 'Windows 10', os.arch: 'amd64', os.version: '10.0', java.version: '16.0.2'
Driver info: driver.version: ChromeDriver
remote stacktrace: Backtrace:
Ordinal0 [0x007C56B3+2184883]
Ordinal0 [0x0075E5F1+1762801]
Ordinal0 [0x00673DA8+802216]
Ordinal0 [0x00695119+938265]
Ordinal0 [0x00690D1C+920860]
Ordinal0 [0x0068E5D1+910801]
Ordinal0 [0x006C1770+1120112]
Ordinal0 [0x006C13CA+1119178]
Ordinal0 [0x006BC926+1100070]
Ordinal0 [0x00696EA0+945824]
Ordinal0 [0x00697D96+949654]
GetHandleVerifier [0x00A64192+2704034]
GetHandleVerifier [0x00A5687D+2648461]
GetHandleVerifier [0x0085119A+529066]
GetHandleVerifier [0x00850006+524566]
Ordinal0 [0x00764F2B+1789739]
Ordinal0 [0x00769978+1808760]
Ordinal0 [0x00769A65+1808997]
Ordinal0 [0x00772A01+1845761]
BaseThreadInitThunk [0x77566739+25]
RtlGetFullPathName_UEx [0x77D18FEF+1215]
RtlGetFullPathName_UEx [0x77D18FBD+1165]
]]>
            </message>
            <full-stacktrace>
              <![CDATA[org.openqa.selenium.SessionNotCreatedException: session not created: This version of ChromeDriver only supports Chrome version 103
Current browser version is 102.0.5005.115 with binary path C:\Program Files\Google\Chrome\Application\chrome.exe
Build info: version: '3.11.0', revision: 'e59cfb3', time: '2018-03-11T20:26:55.152Z'
System info: host: 'DESKTOP-6OMH5PA', ip: '192.168.1.21', os.name: 'Windows 10', os.arch: 'amd64', os.version: '10.0', java.version: '16.0.2'
Driver info: driver.version: ChromeDriver
remote stacktrace: Backtrace:
Ordinal0 [0x007C56B3+2184883]
Ordinal0 [0x0075E5F1+1762801]
Ordinal0 [0x00673DA8+802216]
Ordinal0 [0x00695119+938265]
Ordinal0 [0x00690D1C+920860]
Ordinal0 [0x0068E5D1+910801]
Ordinal0 [0x006C1770+1120112]
Ordinal0 [0x006C13CA+1119178]
Ordinal0 [0x006BC926+1100070]
Ordinal0 [0x00696EA0+945824]
Ordinal0 [0x00697D96+949654]
GetHandleVerifier [0x00A64192+2704034]
GetHandleVerifier [0x00A5687D+2648461]
GetHandleVerifier [0x0085119A+529066]
GetHandleVerifier [0x00850006+524566]
Ordinal0 [0x00764F2B+1789739]
Ordinal0 [0x00769978+1808760]
Ordinal0 [0x00769A65+1808997]
Ordinal0 [0x00772A01+1845761]
BaseThreadInitThunk [0x77566739+25]
RtlGetFullPathName_UEx [0x77D18FEF+1215]
RtlGetFullPathName_UEx [0x77D18FBD+1165]

at java.base/jdk.internal.reflect.NativeConstructorAccessorImpl.newInstance0(Native Method)
at java.base/jdk.internal.reflect.NativeConstructorAccessorImpl.newInstance(NativeConstructorAccessorImpl.java:78)
at java.base/jdk.internal.reflect.DelegatingConstructorAccessorImpl.newInstance(DelegatingConstructorAccessorImpl.java:45)
at java.base/java.lang.reflect.Constructor.newInstanceWithCaller(Constructor.java:499)
at java.base/java.lang.reflect.Constructor.newInstance(Constructor.java:480)
at org.openqa.selenium.remote.W3CHandshakeResponse.lambda$new$0(W3CHandshakeResponse.java:57)
at org.openqa.selenium.remote.W3CHandshakeResponse.lambda$getResponseFunction$2(W3CHandshakeResponse.java:104)
at org.openqa.selenium.remote.ProtocolHandshake.lambda$createSession$0(ProtocolHandshake.java:123)
at java.base/java.util.stream.ReferencePipeline$3$1.accept(ReferencePipeline.java:197)
at java.base/java.util.Spliterators$ArraySpliterator.tryAdvance(Spliterators.java:958)
at java.base/java.util.stream.ReferencePipeline.forEachWithCancel(ReferencePipeline.java:129)
at java.base/java.util.stream.AbstractPipeline.copyIntoWithCancel(AbstractPipeline.java:502)
at java.base/java.util.stream.AbstractPipeline.copyInto(AbstractPipeline.java:488)
at java.base/java.util.stream.AbstractPipeline.wrapAndCopyInto(AbstractPipeline.java:474)
at java.base/java.util.stream.FindOps$FindOp.evaluateSequential(FindOps.java:150)
at java.base/java.util.stream.AbstractPipeline.evaluate(AbstractPipeline.java:234)
at java.base/java.util.stream.ReferencePipeline.findFirst(ReferencePipeline.java:647)
at org.openqa.selenium.remote.ProtocolHandshake.createSession(ProtocolHandshake.java:126)
at org.openqa.selenium.remote.ProtocolHandshake.createSession(ProtocolHandshake.java:73)
at org.openqa.selenium.remote.HttpCommandExecutor.execute(HttpCommandExecutor.java:136)
at org.openqa.selenium.remote.service.DriverCommandExecutor.execute(DriverCommandExecutor.java:83)
at org.openqa.selenium.remote.RemoteWebDriver.execute(RemoteWebDriver.java:545)
at org.openqa.selenium.remote.RemoteWebDriver.startSession(RemoteWebDriver.java:209)
at org.openqa.selenium.remote.RemoteWebDriver.<init>(RemoteWebDriver.java:132)
at org.openqa.selenium.chrome.ChromeDriver.<init>(ChromeDriver.java:181)
at org.openqa.selenium.chrome.ChromeDriver.<init>(ChromeDriver.java:168)
at org.openqa.selenium.chrome.ChromeDriver.<init>(ChromeDriver.java:157)
at crossBrowsers.googleLaunch.SelectBrowser(googleLaunch.java:33)
at java.base/jdk.internal.reflect.NativeMethodAccessorImpl.invoke0(Native Method)
at java.base/jdk.internal.reflect.NativeMethodAccessorImpl.invoke(NativeMethodAccessorImpl.java:78)
at java.base/jdk.internal.reflect.DelegatingMethodAccessorImpl.invoke(DelegatingMethodAccessorImpl.java:43)
at java.base/java.lang.reflect.Method.invoke(Method.java:567)
at org.testng.internal.MethodInvocationHelper.invokeMethod(MethodInvocationHelper.java:133)
at org.testng.internal.MethodInvocationHelper.invokeMethodConsideringTimeout(MethodInvocationHelper.java:62)
at org.testng.internal.ConfigInvoker.invokeConfigurationMethod(ConfigInvoker.java:385)
at org.testng.internal.ConfigInvoker.invokeConfigurations(ConfigInvoker.java:321)
at org.testng.TestRunner.invokeTestConfigurations(TestRunner.java:637)
at org.testng.TestRunner.beforeRun(TestRunner.java:627)
at org.testng.TestRunner.run(TestRunner.java:589)
at org.testng.SuiteRunner.runTest(SuiteRunner.java:377)
at org.testng.SuiteRunner.runSequentially(SuiteRunner.java:371)
at org.testng.SuiteRunner.privateRun(SuiteRunner.java:332)
at org.testng.SuiteRunner.run(SuiteRunner.java:276)
at org.testng.SuiteRunnerWorker.runSuite(SuiteRunnerWorker.java:53)
at org.testng.SuiteRunnerWorker.run(SuiteRunnerWorker.java:96)
at org.testng.TestNG.runSuitesSequentially(TestNG.java:1212)
at org.testng.TestNG.runSuitesLocally(TestNG.java:1134)
at org.testng.TestNG.runSuites(TestNG.java:1063)
at org.testng.TestNG.run(TestNG.java:1031)
at org.testng.remote.AbstractRemoteTestNG.run(AbstractRemoteTestNG.java:115)
at org.testng.remote.RemoteTestNG.initAndRun(RemoteTestNG.java:251)
at org.testng.remote.RemoteTestNG.main(RemoteTestNG.java:77)
]]>
            </full-stacktrace>
          </exception> <!-- org.openqa.selenium.SessionNotCreatedException -->
          <reporter-output>
          </reporter-output>
        </test-method> <!-- SelectBrowser -->
        <test-method signature="GoogleSreach()[pri:0, instance:crossBrowsers.googleLaunch@73700b80]" started-at="2022-06-10T12:33:22 IST" name="GoogleSreach" finished-at="2022-06-10T12:33:22 IST" duration-ms="0" status="SKIP">
          <exception class="org.openqa.selenium.SessionNotCreatedException">
            <message>
              <![CDATA[session not created: This version of ChromeDriver only supports Chrome version 103
Current browser version is 102.0.5005.115 with binary path C:\Program Files\Google\Chrome\Application\chrome.exe
Build info: version: '3.11.0', revision: 'e59cfb3', time: '2018-03-11T20:26:55.152Z'
System info: host: 'DESKTOP-6OMH5PA', ip: '192.168.1.21', os.name: 'Windows 10', os.arch: 'amd64', os.version: '10.0', java.version: '16.0.2'
Driver info: driver.version: ChromeDriver
remote stacktrace: Backtrace:
Ordinal0 [0x007C56B3+2184883]
Ordinal0 [0x0075E5F1+1762801]
Ordinal0 [0x00673DA8+802216]
Ordinal0 [0x00695119+938265]
Ordinal0 [0x00690D1C+920860]
Ordinal0 [0x0068E5D1+910801]
Ordinal0 [0x006C1770+1120112]
Ordinal0 [0x006C13CA+1119178]
Ordinal0 [0x006BC926+1100070]
Ordinal0 [0x00696EA0+945824]
Ordinal0 [0x00697D96+949654]
GetHandleVerifier [0x00A64192+2704034]
GetHandleVerifier [0x00A5687D+2648461]
GetHandleVerifier [0x0085119A+529066]
GetHandleVerifier [0x00850006+524566]
Ordinal0 [0x00764F2B+1789739]
Ordinal0 [0x00769978+1808760]
Ordinal0 [0x00769A65+1808997]
Ordinal0 [0x00772A01+1845761]
BaseThreadInitThunk [0x77566739+25]
RtlGetFullPathName_UEx [0x77D18FEF+1215]
RtlGetFullPathName_UEx [0x77D18FBD+1165]
]]>
            </message>
            <full-stacktrace>
              <![CDATA[org.openqa.selenium.SessionNotCreatedException: session not created: This version of ChromeDriver only supports Chrome version 103
Current browser version is 102.0.5005.115 with binary path C:\Program Files\Google\Chrome\Application\chrome.exe
Build info: version: '3.11.0', revision: 'e59cfb3', time: '2018-03-11T20:26:55.152Z'
System info: host: 'DESKTOP-6OMH5PA', ip: '192.168.1.21', os.name: 'Windows 10', os.arch: 'amd64', os.version: '10.0', java.version: '16.0.2'
Driver info: driver.version: ChromeDriver
remote stacktrace: Backtrace:
Ordinal0 [0x007C56B3+2184883]
Ordinal0 [0x0075E5F1+1762801]
Ordinal0 [0x00673DA8+802216]
Ordinal0 [0x00695119+938265]
Ordinal0 [0x00690D1C+920860]
Ordinal0 [0x0068E5D1+910801]
Ordinal0 [0x006C1770+1120112]
Ordinal0 [0x006C13CA+1119178]
Ordinal0 [0x006BC926+1100070]
Ordinal0 [0x00696EA0+945824]
Ordinal0 [0x00697D96+949654]
GetHandleVerifier [0x00A64192+2704034]
GetHandleVerifier [0x00A5687D+2648461]
GetHandleVerifier [0x0085119A+529066]
GetHandleVerifier [0x00850006+524566]
Ordinal0 [0x00764F2B+1789739]
Ordinal0 [0x00769978+1808760]
Ordinal0 [0x00769A65+1808997]
Ordinal0 [0x00772A01+1845761]
BaseThreadInitThunk [0x77566739+25]
RtlGetFullPathName_UEx [0x77D18FEF+1215]
RtlGetFullPathName_UEx [0x77D18FBD+1165]

at java.base/jdk.internal.reflect.NativeConstructorAccessorImpl.newInstance0(Native Method)
at java.base/jdk.internal.reflect.NativeConstructorAccessorImpl.newInstance(NativeConstructorAccessorImpl.java:78)
at java.base/jdk.internal.reflect.DelegatingConstructorAccessorImpl.newInstance(DelegatingConstructorAccessorImpl.java:45)
at java.base/java.lang.reflect.Constructor.newInstanceWithCaller(Constructor.java:499)
at java.base/java.lang.reflect.Constructor.newInstance(Constructor.java:480)
at org.openqa.selenium.remote.W3CHandshakeResponse.lambda$new$0(W3CHandshakeResponse.java:57)
at org.openqa.selenium.remote.W3CHandshakeResponse.lambda$getResponseFunction$2(W3CHandshakeResponse.java:104)
at org.openqa.selenium.remote.ProtocolHandshake.lambda$createSession$0(ProtocolHandshake.java:123)
at java.base/java.util.stream.ReferencePipeline$3$1.accept(ReferencePipeline.java:197)
at java.base/java.util.Spliterators$ArraySpliterator.tryAdvance(Spliterators.java:958)
at java.base/java.util.stream.ReferencePipeline.forEachWithCancel(ReferencePipeline.java:129)
at java.base/java.util.stream.AbstractPipeline.copyIntoWithCancel(AbstractPipeline.java:502)
at java.base/java.util.stream.AbstractPipeline.copyInto(AbstractPipeline.java:488)
at java.base/java.util.stream.AbstractPipeline.wrapAndCopyInto(AbstractPipeline.java:474)
at java.base/java.util.stream.FindOps$FindOp.evaluateSequential(FindOps.java:150)
at java.base/java.util.stream.AbstractPipeline.evaluate(AbstractPipeline.java:234)
at java.base/java.util.stream.ReferencePipeline.findFirst(ReferencePipeline.java:647)
at org.openqa.selenium.remote.ProtocolHandshake.createSession(ProtocolHandshake.java:126)
at org.openqa.selenium.remote.ProtocolHandshake.createSession(ProtocolHandshake.java:73)
at org.openqa.selenium.remote.HttpCommandExecutor.execute(HttpCommandExecutor.java:136)
at org.openqa.selenium.remote.service.DriverCommandExecutor.execute(DriverCommandExecutor.java:83)
at org.openqa.selenium.remote.RemoteWebDriver.execute(RemoteWebDriver.java:545)
at org.openqa.selenium.remote.RemoteWebDriver.startSession(RemoteWebDriver.java:209)
at org.openqa.selenium.remote.RemoteWebDriver.<init>(RemoteWebDriver.java:132)
at org.openqa.selenium.chrome.ChromeDriver.<init>(ChromeDriver.java:181)
at org.openqa.selenium.chrome.ChromeDriver.<init>(ChromeDriver.java:168)
at org.openqa.selenium.chrome.ChromeDriver.<init>(ChromeDriver.java:157)
at crossBrowsers.googleLaunch.SelectBrowser(googleLaunch.java:33)
at java.base/jdk.internal.reflect.NativeMethodAccessorImpl.invoke0(Native Method)
at java.base/jdk.internal.reflect.NativeMethodAccessorImpl.invoke(NativeMethodAccessorImpl.java:78)
at java.base/jdk.internal.reflect.DelegatingMethodAccessorImpl.invoke(DelegatingMethodAccessorImpl.java:43)
at java.base/java.lang.reflect.Method.invoke(Method.java:567)
at org.testng.internal.MethodInvocationHelper.invokeMethod(MethodInvocationHelper.java:133)
at org.testng.internal.MethodInvocationHelper.invokeMethodConsideringTimeout(MethodInvocationHelper.java:62)
at org.testng.internal.ConfigInvoker.invokeConfigurationMethod(ConfigInvoker.java:385)
at org.testng.internal.ConfigInvoker.invokeConfigurations(ConfigInvoker.java:321)
at org.testng.TestRunner.invokeTestConfigurations(TestRunner.java:637)
at org.testng.TestRunner.beforeRun(TestRunner.java:627)
at org.testng.TestRunner.run(TestRunner.java:589)
at org.testng.SuiteRunner.runTest(SuiteRunner.java:377)
at org.testng.SuiteRunner.runSequentially(SuiteRunner.java:371)
at org.testng.SuiteRunner.privateRun(SuiteRunner.java:332)
at org.testng.SuiteRunner.run(SuiteRunner.java:276)
at org.testng.SuiteRunnerWorker.runSuite(SuiteRunnerWorker.java:53)
at org.testng.SuiteRunnerWorker.run(SuiteRunnerWorker.java:96)
at org.testng.TestNG.runSuitesSequentially(TestNG.java:1212)
at org.testng.TestNG.runSuitesLocally(TestNG.java:1134)
at org.testng.TestNG.runSuites(TestNG.java:1063)
at org.testng.TestNG.run(TestNG.java:1031)
at org.testng.remote.AbstractRemoteTestNG.run(AbstractRemoteTestNG.java:115)
at org.testng.remote.RemoteTestNG.initAndRun(RemoteTestNG.java:251)
at org.testng.remote.RemoteTestNG.main(RemoteTestNG.java:77)
]]>
            </full-stacktrace>
          </exception> <!-- org.openqa.selenium.SessionNotCreatedException -->
          <reporter-output>
          </reporter-output>
        </test-method> <!-- GoogleSreach -->
        <test-method is-config="true" signature="BroswerQuit()[pri:0, instance:crossBrowsers.googleLaunch@73700b80]" started-at="2022-06-10T12:33:22 IST" name="BroswerQuit" finished-at="1970-01-01T05:30:00 IST" duration-ms="-1654844602049" status="SKIP">
          <reporter-output>
          </reporter-output>
        </test-method> <!-- BroswerQuit -->
      </class> <!-- crossBrowsers.googleLaunch -->
    </test> <!-- phantomJS -->
  </suite> <!-- Cross Broswer -->
</testng-results>
